<?xml version="1.0" encoding="UTF-8"?>
<testsuite xmlns:xsi="http://www.w3.org/2001/XMLSchema-instance" xsi:noNamespaceSchemaLocation="https://maven.apache.org/surefire/maven-surefire-plugin/xsd/surefire-test-report-3.0.xsd" version="3.0" name="com.example.calculadorateste" time="0.059" tests="5" errors="0" skipped="0" failures="0">
  <properties>
    <property name="java.specification.version" value="17"/>
    <property name="sun.cpu.isalist" value="amd64"/>
    <property name="sun.jnu.encoding" value="Cp1252"/>
    <property name="java.class.path" value="C:\Users\Noite_Matheus\Documents\Matheus\Projetos Java\calculadorajunit\target\test-classes;C:\Users\Noite_Matheus\Documents\Matheus\Projetos Java\calculadorajunit\target\classes;C:\Users\Noite_Matheus\.m2\repository\junit\junit\4.13.2\junit-4.13.2.jar;C:\Users\Noite_Matheus\.m2\repository\org\hamcrest\hamcrest-core\1.3\hamcrest-core-1.3.jar;"/>
    <property name="java.vm.vendor" value="Oracle Corporation"/>
    <property name="sun.arch.data.model" value="64"/>
    <property name="user.variant" value=""/>
    <property name="java.vendor.url" value="https://java.oracle.com/"/>
    <property name="user.timezone" value="America/Sao_Paulo"/>
    <property name="os.name" value="Windows 10"/>
    <property name="java.vm.specification.version" value="17"/>
    <property name="user.country" value="BR"/>
    <property name="sun.java.launcher" value="SUN_STANDARD"/>
    <property name="sun.boot.library.path" value="C:\Program Files\Java\jdk-17\bin"/>
    <property name="sun.java.command" value="C:\Users\Noite_Matheus\AppData\Local\Temp\surefire13028135886970992689\surefirebooter-20240725213340264_3.jar C:\Users\Noite_Matheus\AppData\Local\Temp\surefire13028135886970992689 2024-07-25T21-33-40_077-jvmRun1 surefire-20240725213340264_1tmp surefire_0-20240725213340264_2tmp"/>
    <property name="jdk.debug" value="release"/>
    <property name="test" value="com.example.calculadorateste"/>
    <property name="surefire.test.class.path" value="C:\Users\Noite_Matheus\Documents\Matheus\Projetos Java\calculadorajunit\target\test-classes;C:\Users\Noite_Matheus\Documents\Matheus\Projetos Java\calculadorajunit\target\classes;C:\Users\Noite_Matheus\.m2\repository\junit\junit\4.13.2\junit-4.13.2.jar;C:\Users\Noite_Matheus\.m2\repository\org\hamcrest\hamcrest-core\1.3\hamcrest-core-1.3.jar;"/>
    <property name="sun.cpu.endian" value="little"/>
    <property name="user.home" value="C:\Users\Noite_Matheus"/>
    <property name="user.language" value="pt"/>
    <property name="java.specification.vendor" value="Oracle Corporation"/>
    <property name="java.version.date" value="2024-07-16"/>
    <property name="java.home" value="C:\Program Files\Java\jdk-17"/>
    <property name="file.separator" value="\"/>
    <property name="basedir" value="C:\Users\Noite_Matheus\Documents\Matheus\Projetos Java\calculadorajunit"/>
    <property name="java.vm.compressedOopsMode" value="32-bit"/>
    <property name="line.separator" value="&#10;"/>
    <property name="java.vm.specification.vendor" value="Oracle Corporation"/>
    <property name="java.specification.name" value="Java Platform API Specification"/>
    <property name="surefire.real.class.path" value="C:\Users\Noite_Matheus\AppData\Local\Temp\surefire13028135886970992689\surefirebooter-20240725213340264_3.jar"/>
    <property name="user.script" value=""/>
    <property name="sun.management.compiler" value="HotSpot 64-Bit Tiered Compilers"/>
    <property name="java.runtime.version" value="17.0.12+8-LTS-286"/>
    <property name="user.name" value="Noite_Matheus"/>
    <property name="path.separator" value=";"/>
    <property name="os.version" value="10.0"/>
    <property name="java.runtime.name" value="Java(TM) SE Runtime Environment"/>
    <property name="file.encoding" value="Cp1252"/>
    <property name="java.vm.name" value="Java HotSpot(TM) 64-Bit Server VM"/>
    <property name="maven.ext.class.path" value="C:\Users\Noite_Matheus\.vscode\extensions\oracle.oracle-java-22.1.1\nbcode\java\maven-nblib\netbeans-eventspy.jar"/>
    <property name="localRepository" value="C:\Users\Noite_Matheus\.m2\repository"/>
    <property name="java.vendor.url.bug" value="https://bugreport.java.com/bugreport/"/>
    <property name="java.io.tmpdir" value="C:\Users\NOITE_~1\AppData\Local\Temp\"/>
    <property name="java.version" value="17.0.12"/>
    <property name="user.dir" value="C:\Users\Noite_Matheus\Documents\Matheus\Projetos Java\calculadorajunit"/>
    <property name="os.arch" value="amd64"/>
    <property name="java.vm.specification.name" value="Java Virtual Machine Specification"/>
    <property name="sun.os.patch.level" value=""/>
    <property name="native.encoding" value="Cp1252"/>
    <property name="java.library.path" value="C:\Program Files\Java\jdk-17\bin;C:\windows\Sun\Java\bin;C:\windows\system32;C:\windows;C:\Users\Noite_Matheus\bin;C:\Program Files\Git\mingw64\bin;C:\Program Files\Git\usr\local\bin;C:\Program Files\Git\usr\bin;C:\Program Files\Git\usr\bin;C:\Program Files\Git\mingw64\bin;C:\Program Files\Git\usr\bin;C:\Users\Noite_Matheus\bin;C:\windows\system32;C:\windows;C:\windows\System32\Wbem;C:\windows\System32\WindowsPowerShell\v1.0;C:\windows\System32\OpenSSH;C:\Program Files\Git\cmd;C:\Program Files\Java\jdk-17;C:\Users\Noite_Matheus\AppData\Local\Microsoft\WindowsApps;C:\Users\Noite_Matheus\AppData\Local\Programs\Microsoft VS Code\bin;C:\Program Files\Git\usr\bin\vendor_perl;C:\Program Files\Git\usr\bin\core_perl;."/>
    <property name="java.vm.info" value="mixed mode, sharing"/>
    <property name="java.vendor" value="Oracle Corporation"/>
    <property name="java.vm.version" value="17.0.12+8-LTS-286"/>
    <property name="sun.io.unicode.encoding" value="UnicodeLittle"/>
    <property name="java.class.version" value="61.0"/>
  </properties>
  <testcase name="testSoma" classname="com.example.calculadorateste" time="0.003"/>
  <testcase name="testeDivisao" classname="com.example.calculadorateste" time="0.0"/>
  <testcase name="testeMultiplicacao" classname="com.example.calculadorateste" time="0.0"/>
  <testcase name="testeSubtracao" classname="com.example.calculadorateste" time="0.0"/>
  <testcase name="testeDivisaoZero" classname="com.example.calculadorateste" time="0.0"/>
</testsuite>